{"/home/jknoop/Desktop/CFM/index.js": {"path":"/home/jknoop/Desktop/CFM/index.js","statementMap":{"0":{"start":{"line":2,"column":12},"end":{"line":2,"column":36}},"1":{"start":{"line":4,"column":0},"end":{"line":4,"column":21}}},"fnMap":{},"branchMap":{},"s":{"0":2,"1":2},"f":{},"b":{},"_coverageSchema":"43e27e138ebf9cfc5966b082cf9a028302ed4184","hash":"b087444685ab412c977cf53856733041cb67f7b8"}
,"/home/jknoop/Desktop/CFM/classes/Cfm.js": {"path":"/home/jknoop/Desktop/CFM/classes/Cfm.js","statementMap":{"0":{"start":{"line":2,"column":12},"end":{"line":2,"column":39}},"1":{"start":{"line":4,"column":17},"end":{"line":4,"column":38}},"2":{"start":{"line":5,"column":13},"end":{"line":5,"column":30}},"3":{"start":{"line":6,"column":26},"end":{"line":6,"column":56}},"4":{"start":{"line":7,"column":22},"end":{"line":7,"column":48}},"5":{"start":{"line":8,"column":28},"end":{"line":8,"column":60}},"6":{"start":{"line":10,"column":23},"end":{"line":10,"column":50}},"7":{"start":{"line":14,"column":4},"end":{"line":14,"column":24}},"8":{"start":{"line":15,"column":4},"end":{"line":15,"column":26}},"9":{"start":{"line":16,"column":4},"end":{"line":16,"column":30}},"10":{"start":{"line":17,"column":4},"end":{"line":17,"column":24}},"11":{"start":{"line":18,"column":4},"end":{"line":18,"column":26}},"12":{"start":{"line":19,"column":4},"end":{"line":19,"column":31}},"13":{"start":{"line":22,"column":4},"end":{"line":24,"column":5}},"14":{"start":{"line":23,"column":6},"end":{"line":23,"column":67}},"15":{"start":{"line":26,"column":4},"end":{"line":26,"column":35}},"16":{"start":{"line":27,"column":4},"end":{"line":27,"column":47}},"17":{"start":{"line":29,"column":4},"end":{"line":29,"column":56}},"18":{"start":{"line":33,"column":4},"end":{"line":33,"column":47}},"19":{"start":{"line":33,"column":34},"end":{"line":33,"column":47}},"20":{"start":{"line":34,"column":4},"end":{"line":34,"column":54}},"21":{"start":{"line":35,"column":4},"end":{"line":35,"column":16}},"22":{"start":{"line":40,"column":4},"end":{"line":40,"column":45}},"23":{"start":{"line":40,"column":32},"end":{"line":40,"column":45}},"24":{"start":{"line":41,"column":4},"end":{"line":41,"column":47}},"25":{"start":{"line":42,"column":4},"end":{"line":42,"column":16}},"26":{"start":{"line":46,"column":4},"end":{"line":46,"column":45}},"27":{"start":{"line":46,"column":32},"end":{"line":46,"column":45}},"28":{"start":{"line":50,"column":4},"end":{"line":50,"column":49}},"29":{"start":{"line":52,"column":4},"end":{"line":52,"column":39}},"30":{"start":{"line":53,"column":4},"end":{"line":53,"column":16}},"31":{"start":{"line":58,"column":4},"end":{"line":63,"column":5}},"32":{"start":{"line":59,"column":21},"end":{"line":59,"column":39}},"33":{"start":{"line":60,"column":6},"end":{"line":62,"column":7}},"34":{"start":{"line":60,"column":19},"end":{"line":60,"column":20}},"35":{"start":{"line":61,"column":8},"end":{"line":61,"column":48}},"36":{"start":{"line":67,"column":4},"end":{"line":74,"column":5}},"37":{"start":{"line":69,"column":6},"end":{"line":71,"column":7}},"38":{"start":{"line":70,"column":8},"end":{"line":70,"column":50}},"39":{"start":{"line":73,"column":6},"end":{"line":73,"column":33}},"40":{"start":{"line":79,"column":4},"end":{"line":81,"column":5}},"41":{"start":{"line":80,"column":6},"end":{"line":80,"column":43}},"42":{"start":{"line":85,"column":25},"end":{"line":88,"column":10}},"43":{"start":{"line":86,"column":6},"end":{"line":86,"column":26}},"44":{"start":{"line":87,"column":6},"end":{"line":87,"column":20}},"45":{"start":{"line":89,"column":4},"end":{"line":89,"column":37}},"46":{"start":{"line":93,"column":17},"end":{"line":93,"column":19}},"47":{"start":{"line":95,"column":4},"end":{"line":115,"column":5}},"48":{"start":{"line":96,"column":6},"end":{"line":114,"column":7}},"49":{"start":{"line":97,"column":8},"end":{"line":97,"column":37}},"50":{"start":{"line":98,"column":23},"end":{"line":98,"column":44}},"51":{"start":{"line":99,"column":8},"end":{"line":105,"column":9}},"52":{"start":{"line":99,"column":21},"end":{"line":99,"column":22}},"53":{"start":{"line":100,"column":26},"end":{"line":100,"column":60}},"54":{"start":{"line":102,"column":10},"end":{"line":104,"column":11}},"55":{"start":{"line":103,"column":12},"end":{"line":103,"column":63}},"56":{"start":{"line":106,"column":13},"end":{"line":114,"column":7}},"57":{"start":{"line":107,"column":24},"end":{"line":107,"column":55}},"58":{"start":{"line":109,"column":8},"end":{"line":111,"column":9}},"59":{"start":{"line":110,"column":10},"end":{"line":110,"column":49}},"60":{"start":{"line":113,"column":8},"end":{"line":113,"column":29}},"61":{"start":{"line":116,"column":4},"end":{"line":116,"column":16}},"62":{"start":{"line":120,"column":15},"end":{"line":120,"column":22}},"63":{"start":{"line":121,"column":21},"end":{"line":121,"column":40}},"64":{"start":{"line":123,"column":19},"end":{"line":123,"column":34}},"65":{"start":{"line":124,"column":4},"end":{"line":131,"column":5}},"66":{"start":{"line":124,"column":17},"end":{"line":124,"column":18}},"67":{"start":{"line":125,"column":6},"end":{"line":129,"column":7}},"68":{"start":{"line":126,"column":8},"end":{"line":126,"column":14}},"69":{"start":{"line":128,"column":8},"end":{"line":128,"column":64}},"70":{"start":{"line":130,"column":6},"end":{"line":130,"column":31}},"71":{"start":{"line":130,"column":25},"end":{"line":130,"column":31}},"72":{"start":{"line":133,"column":4},"end":{"line":133,"column":16}},"73":{"start":{"line":137,"column":23},"end":{"line":137,"column":25}},"74":{"start":{"line":139,"column":21},"end":{"line":139,"column":50}},"75":{"start":{"line":141,"column":18},"end":{"line":141,"column":23}},"76":{"start":{"line":142,"column":19},"end":{"line":142,"column":34}},"77":{"start":{"line":143,"column":4},"end":{"line":151,"column":5}},"78":{"start":{"line":143,"column":17},"end":{"line":143,"column":18}},"79":{"start":{"line":144,"column":6},"end":{"line":150,"column":7}},"80":{"start":{"line":145,"column":8},"end":{"line":145,"column":57}},"81":{"start":{"line":145,"column":37},"end":{"line":145,"column":57}},"82":{"start":{"line":147,"column":26},"end":{"line":147,"column":28}},"83":{"start":{"line":148,"column":8},"end":{"line":148,"column":41}},"84":{"start":{"line":149,"column":8},"end":{"line":149,"column":28}},"85":{"start":{"line":153,"column":4},"end":{"line":153,"column":19}},"86":{"start":{"line":157,"column":23},"end":{"line":157,"column":25}},"87":{"start":{"line":158,"column":15},"end":{"line":158,"column":17}},"88":{"start":{"line":160,"column":4},"end":{"line":160,"column":37}},"89":{"start":{"line":161,"column":4},"end":{"line":161,"column":48}},"90":{"start":{"line":162,"column":4},"end":{"line":162,"column":45}},"91":{"start":{"line":165,"column":4},"end":{"line":170,"column":5}},"92":{"start":{"line":166,"column":21},"end":{"line":166,"column":120}},"93":{"start":{"line":168,"column":6},"end":{"line":168,"column":87}},"94":{"start":{"line":168,"column":77},"end":{"line":168,"column":87}},"95":{"start":{"line":169,"column":6},"end":{"line":169,"column":48}},"96":{"start":{"line":169,"column":28},"end":{"line":169,"column":48}},"97":{"start":{"line":173,"column":4},"end":{"line":218,"column":5}},"98":{"start":{"line":174,"column":6},"end":{"line":217,"column":7}},"99":{"start":{"line":175,"column":28},"end":{"line":175,"column":53}},"100":{"start":{"line":178,"column":22},"end":{"line":178,"column":56}},"101":{"start":{"line":179,"column":22},"end":{"line":179,"column":54}},"102":{"start":{"line":182,"column":22},"end":{"line":182,"column":87}},"103":{"start":{"line":184,"column":8},"end":{"line":189,"column":9}},"104":{"start":{"line":186,"column":27},"end":{"line":186,"column":74}},"105":{"start":{"line":188,"column":10},"end":{"line":188,"column":46}},"106":{"start":{"line":191,"column":22},"end":{"line":191,"column":27}},"107":{"start":{"line":192,"column":25},"end":{"line":192,"column":43}},"108":{"start":{"line":193,"column":23},"end":{"line":193,"column":42}},"109":{"start":{"line":194,"column":8},"end":{"line":201,"column":9}},"110":{"start":{"line":194,"column":21},"end":{"line":194,"column":22}},"111":{"start":{"line":195,"column":10},"end":{"line":195,"column":25}},"112":{"start":{"line":196,"column":25},"end":{"line":196,"column":43}},"113":{"start":{"line":197,"column":10},"end":{"line":200,"column":11}},"114":{"start":{"line":198,"column":12},"end":{"line":198,"column":27}},"115":{"start":{"line":199,"column":12},"end":{"line":199,"column":18}},"116":{"start":{"line":203,"column":8},"end":{"line":216,"column":9}},"117":{"start":{"line":205,"column":24},"end":{"line":205,"column":58}},"118":{"start":{"line":206,"column":24},"end":{"line":206,"column":56}},"119":{"start":{"line":209,"column":10},"end":{"line":215,"column":11}},"120":{"start":{"line":210,"column":26},"end":{"line":210,"column":121}},"121":{"start":{"line":211,"column":12},"end":{"line":214,"column":13}},"122":{"start":{"line":212,"column":31},"end":{"line":212,"column":78}},"123":{"start":{"line":213,"column":14},"end":{"line":213,"column":50}},"124":{"start":{"line":220,"column":4},"end":{"line":220,"column":22}},"125":{"start":{"line":224,"column":0},"end":{"line":224,"column":21}}},"fnMap":{"0":{"name":"(anonymous_0)","decl":{"start":{"line":13,"column":2},"end":{"line":13,"column":3}},"loc":{"start":{"line":13,"column":16},"end":{"line":30,"column":3}},"line":13},"1":{"name":"(anonymous_1)","decl":{"start":{"line":32,"column":2},"end":{"line":32,"column":3}},"loc":{"start":{"line":32,"column":44},"end":{"line":36,"column":3}},"line":32},"2":{"name":"(anonymous_2)","decl":{"start":{"line":39,"column":2},"end":{"line":39,"column":3}},"loc":{"start":{"line":39,"column":33},"end":{"line":43,"column":3}},"line":39},"3":{"name":"(anonymous_3)","decl":{"start":{"line":45,"column":2},"end":{"line":45,"column":3}},"loc":{"start":{"line":45,"column":42},"end":{"line":54,"column":3}},"line":45},"4":{"name":"(anonymous_4)","decl":{"start":{"line":56,"column":2},"end":{"line":56,"column":3}},"loc":{"start":{"line":56,"column":18},"end":{"line":64,"column":3}},"line":56},"5":{"name":"(anonymous_5)","decl":{"start":{"line":66,"column":2},"end":{"line":66,"column":3}},"loc":{"start":{"line":66,"column":25},"end":{"line":75,"column":3}},"line":66},"6":{"name":"(anonymous_6)","decl":{"start":{"line":77,"column":2},"end":{"line":77,"column":3}},"loc":{"start":{"line":77,"column":24},"end":{"line":82,"column":3}},"line":77},"7":{"name":"(anonymous_7)","decl":{"start":{"line":84,"column":2},"end":{"line":84,"column":3}},"loc":{"start":{"line":84,"column":28},"end":{"line":90,"column":3}},"line":84},"8":{"name":"(anonymous_8)","decl":{"start":{"line":85,"column":34},"end":{"line":85,"column":35}},"loc":{"start":{"line":85,"column":58},"end":{"line":88,"column":5}},"line":85},"9":{"name":"(anonymous_9)","decl":{"start":{"line":92,"column":2},"end":{"line":92,"column":3}},"loc":{"start":{"line":92,"column":18},"end":{"line":117,"column":3}},"line":92},"10":{"name":"(anonymous_10)","decl":{"start":{"line":119,"column":2},"end":{"line":119,"column":3}},"loc":{"start":{"line":119,"column":32},"end":{"line":134,"column":3}},"line":119},"11":{"name":"(anonymous_11)","decl":{"start":{"line":136,"column":2},"end":{"line":136,"column":3}},"loc":{"start":{"line":136,"column":40},"end":{"line":154,"column":3}},"line":136},"12":{"name":"(anonymous_12)","decl":{"start":{"line":156,"column":2},"end":{"line":156,"column":3}},"loc":{"start":{"line":156,"column":28},"end":{"line":221,"column":3}},"line":156}},"branchMap":{"0":{"loc":{"start":{"line":33,"column":4},"end":{"line":33,"column":47}},"type":"if","locations":[{"start":{"line":33,"column":4},"end":{"line":33,"column":47}},{"start":{"line":33,"column":4},"end":{"line":33,"column":47}}],"line":33},"1":{"loc":{"start":{"line":40,"column":4},"end":{"line":40,"column":45}},"type":"if","locations":[{"start":{"line":40,"column":4},"end":{"line":40,"column":45}},{"start":{"line":40,"column":4},"end":{"line":40,"column":45}}],"line":40},"2":{"loc":{"start":{"line":46,"column":4},"end":{"line":46,"column":45}},"type":"if","locations":[{"start":{"line":46,"column":4},"end":{"line":46,"column":45}},{"start":{"line":46,"column":4},"end":{"line":46,"column":45}}],"line":46},"3":{"loc":{"start":{"line":67,"column":4},"end":{"line":74,"column":5}},"type":"if","locations":[{"start":{"line":67,"column":4},"end":{"line":74,"column":5}},{"start":{"line":67,"column":4},"end":{"line":74,"column":5}}],"line":67},"4":{"loc":{"start":{"line":96,"column":6},"end":{"line":114,"column":7}},"type":"if","locations":[{"start":{"line":96,"column":6},"end":{"line":114,"column":7}},{"start":{"line":96,"column":6},"end":{"line":114,"column":7}}],"line":96},"5":{"loc":{"start":{"line":106,"column":13},"end":{"line":114,"column":7}},"type":"if","locations":[{"start":{"line":106,"column":13},"end":{"line":114,"column":7}},{"start":{"line":106,"column":13},"end":{"line":114,"column":7}}],"line":106},"6":{"loc":{"start":{"line":125,"column":6},"end":{"line":129,"column":7}},"type":"if","locations":[{"start":{"line":125,"column":6},"end":{"line":129,"column":7}},{"start":{"line":125,"column":6},"end":{"line":129,"column":7}}],"line":125},"7":{"loc":{"start":{"line":128,"column":15},"end":{"line":128,"column":63}},"type":"cond-expr","locations":[{"start":{"line":128,"column":39},"end":{"line":128,"column":56}},{"start":{"line":128,"column":59},"end":{"line":128,"column":63}}],"line":128},"8":{"loc":{"start":{"line":130,"column":6},"end":{"line":130,"column":31}},"type":"if","locations":[{"start":{"line":130,"column":6},"end":{"line":130,"column":31}},{"start":{"line":130,"column":6},"end":{"line":130,"column":31}}],"line":130},"9":{"loc":{"start":{"line":144,"column":6},"end":{"line":150,"column":7}},"type":"if","locations":[{"start":{"line":144,"column":6},"end":{"line":150,"column":7}},{"start":{"line":144,"column":6},"end":{"line":150,"column":7}}],"line":144},"10":{"loc":{"start":{"line":145,"column":8},"end":{"line":145,"column":57}},"type":"if","locations":[{"start":{"line":145,"column":8},"end":{"line":145,"column":57}},{"start":{"line":145,"column":8},"end":{"line":145,"column":57}}],"line":145},"11":{"loc":{"start":{"line":168,"column":6},"end":{"line":168,"column":87}},"type":"if","locations":[{"start":{"line":168,"column":6},"end":{"line":168,"column":87}},{"start":{"line":168,"column":6},"end":{"line":168,"column":87}}],"line":168},"12":{"loc":{"start":{"line":168,"column":10},"end":{"line":168,"column":75}},"type":"binary-expr","locations":[{"start":{"line":168,"column":10},"end":{"line":168,"column":36}},{"start":{"line":168,"column":40},"end":{"line":168,"column":75}}],"line":168},"13":{"loc":{"start":{"line":169,"column":6},"end":{"line":169,"column":48}},"type":"if","locations":[{"start":{"line":169,"column":6},"end":{"line":169,"column":48}},{"start":{"line":169,"column":6},"end":{"line":169,"column":48}}],"line":169},"14":{"loc":{"start":{"line":174,"column":6},"end":{"line":217,"column":7}},"type":"if","locations":[{"start":{"line":174,"column":6},"end":{"line":217,"column":7}},{"start":{"line":174,"column":6},"end":{"line":217,"column":7}}],"line":174},"15":{"loc":{"start":{"line":184,"column":8},"end":{"line":189,"column":9}},"type":"if","locations":[{"start":{"line":184,"column":8},"end":{"line":189,"column":9}},{"start":{"line":184,"column":8},"end":{"line":189,"column":9}}],"line":184},"16":{"loc":{"start":{"line":197,"column":10},"end":{"line":200,"column":11}},"type":"if","locations":[{"start":{"line":197,"column":10},"end":{"line":200,"column":11}},{"start":{"line":197,"column":10},"end":{"line":200,"column":11}}],"line":197},"17":{"loc":{"start":{"line":203,"column":8},"end":{"line":216,"column":9}},"type":"if","locations":[{"start":{"line":203,"column":8},"end":{"line":216,"column":9}},{"start":{"line":203,"column":8},"end":{"line":216,"column":9}}],"line":203},"18":{"loc":{"start":{"line":211,"column":12},"end":{"line":214,"column":13}},"type":"if","locations":[{"start":{"line":211,"column":12},"end":{"line":214,"column":13}},{"start":{"line":211,"column":12},"end":{"line":214,"column":13}}],"line":211}},"s":{"0":2,"1":2,"2":2,"3":2,"4":2,"5":2,"6":2,"7":2,"8":2,"9":2,"10":2,"11":2,"12":2,"13":2,"14":14,"15":2,"16":2,"17":2,"18":0,"19":0,"20":0,"21":0,"22":4,"23":2,"24":2,"25":2,"26":4,"27":2,"28":2,"29":2,"30":2,"31":2,"32":7,"33":7,"34":7,"35":12,"36":2,"37":2,"38":2,"39":0,"40":2,"41":2,"42":4,"43":143,"44":143,"45":4,"46":26,"47":26,"48":147,"49":12,"50":12,"51":12,"52":12,"53":14,"54":14,"55":40,"56":135,"57":4,"58":4,"59":16,"60":131,"61":26,"62":54,"63":54,"64":54,"65":54,"66":54,"67":68,"68":6,"69":62,"70":62,"71":11,"72":54,"73":26,"74":26,"75":26,"76":26,"77":26,"78":26,"79":33,"80":3,"81":0,"82":30,"83":30,"84":30,"85":26,"86":4,"87":4,"88":4,"89":4,"90":4,"91":4,"92":4,"93":4,"94":2,"95":2,"96":0,"97":2,"98":36,"99":9,"100":9,"101":9,"102":9,"103":9,"104":8,"105":8,"106":27,"107":27,"108":27,"109":27,"110":27,"111":13,"112":13,"113":13,"114":9,"115":9,"116":27,"117":18,"118":18,"119":18,"120":18,"121":18,"122":18,"123":18,"124":2,"125":2},"f":{"0":2,"1":0,"2":4,"3":4,"4":2,"5":2,"6":2,"7":4,"8":143,"9":26,"10":54,"11":26,"12":4},"b":{"0":[0,0],"1":[2,2],"2":[2,2],"3":[2,0],"4":[12,135],"5":[4,131],"6":[6,62],"7":[51,11],"8":[11,51],"9":[3,30],"10":[0,3],"11":[2,2],"12":[4,2],"13":[0,2],"14":[9,27],"15":[8,1],"16":[9,4],"17":[18,9],"18":[18,0]},"_coverageSchema":"43e27e138ebf9cfc5966b082cf9a028302ed4184","hash":"74b90c773771f3778921ed1f7b896310ed9797b6"}
,"/home/jknoop/Desktop/CFM/classes/Resolver.js": {"path":"/home/jknoop/Desktop/CFM/classes/Resolver.js","statementMap":{"0":{"start":{"line":9,"column":4},"end":{"line":9,"column":17}},"1":{"start":{"line":13,"column":0},"end":{"line":13,"column":26}}},"fnMap":{"0":{"name":"(anonymous_0)","decl":{"start":{"line":2,"column":2},"end":{"line":2,"column":3}},"loc":{"start":{"line":2,"column":15},"end":{"line":4,"column":3}},"line":2},"1":{"name":"(anonymous_1)","decl":{"start":{"line":6,"column":2},"end":{"line":6,"column":3}},"loc":{"start":{"line":6,"column":34},"end":{"line":10,"column":3}},"line":6}},"branchMap":{},"s":{"0":0,"1":2},"f":{"0":14,"1":0},"b":{},"_coverageSchema":"43e27e138ebf9cfc5966b082cf9a028302ed4184","hash":"9b43266caea0b392be9ca7fc98a3c4200f75f150"}
,"/home/jknoop/Desktop/CFM/classes/Rule.js": {"path":"/home/jknoop/Desktop/CFM/classes/Rule.js","statementMap":{"0":{"start":{"line":1,"column":12},"end":{"line":1,"column":39}},"1":{"start":{"line":5,"column":4},"end":{"line":5,"column":19}},"2":{"start":{"line":6,"column":4},"end":{"line":10,"column":5}},"3":{"start":{"line":7,"column":6},"end":{"line":7,"column":28}},"4":{"start":{"line":9,"column":6},"end":{"line":9,"column":30}},"5":{"start":{"line":15,"column":4},"end":{"line":22,"column":5}},"6":{"start":{"line":17,"column":21},"end":{"line":17,"column":80}},"7":{"start":{"line":19,"column":6},"end":{"line":21,"column":7}},"8":{"start":{"line":20,"column":8},"end":{"line":20,"column":22}},"9":{"start":{"line":23,"column":4},"end":{"line":23,"column":17}},"10":{"start":{"line":27,"column":0},"end":{"line":27,"column":22}}},"fnMap":{"0":{"name":"(anonymous_0)","decl":{"start":{"line":4,"column":2},"end":{"line":4,"column":3}},"loc":{"start":{"line":4,"column":25},"end":{"line":11,"column":3}},"line":4},"1":{"name":"(anonymous_1)","decl":{"start":{"line":13,"column":2},"end":{"line":13,"column":3}},"loc":{"start":{"line":13,"column":37},"end":{"line":24,"column":3}},"line":13}},"branchMap":{"0":{"loc":{"start":{"line":6,"column":4},"end":{"line":10,"column":5}},"type":"if","locations":[{"start":{"line":6,"column":4},"end":{"line":10,"column":5}},{"start":{"line":6,"column":4},"end":{"line":10,"column":5}}],"line":6},"1":{"loc":{"start":{"line":19,"column":6},"end":{"line":21,"column":7}},"type":"if","locations":[{"start":{"line":19,"column":6},"end":{"line":21,"column":7}},{"start":{"line":19,"column":6},"end":{"line":21,"column":7}}],"line":19}},"s":{"0":2,"1":18,"2":18,"3":18,"4":0,"5":31,"6":31,"7":31,"8":28,"9":3,"10":2},"f":{"0":18,"1":31},"b":{"0":[18,0],"1":[28,3]},"_coverageSchema":"43e27e138ebf9cfc5966b082cf9a028302ed4184","hash":"fbda5866d98e7e8c2f40086c7339c6afc6e9e5a7"}
,"/home/jknoop/Desktop/CFM/classes/defaultRuleSet.js": {"path":"/home/jknoop/Desktop/CFM/classes/defaultRuleSet.js","statementMap":{"0":{"start":{"line":1,"column":23},"end":{"line":3,"column":1}},"1":{"start":{"line":5,"column":0},"end":{"line":7,"column":2}}},"fnMap":{},"branchMap":{},"s":{"0":2,"1":2},"f":{},"b":{},"_coverageSchema":"43e27e138ebf9cfc5966b082cf9a028302ed4184","hash":"268bb985ac735a07a9887240087813892a5aeaa8"}
,"/home/jknoop/Desktop/CFM/classes/standardGlobalRules.js": {"path":"/home/jknoop/Desktop/CFM/classes/standardGlobalRules.js","statementMap":{"0":{"start":{"line":1,"column":13},"end":{"line":1,"column":30}},"1":{"start":{"line":3,"column":27},"end":{"line":3,"column":67}},"2":{"start":{"line":5,"column":0},"end":{"line":7,"column":2}}},"fnMap":{},"branchMap":{},"s":{"0":2,"1":2,"2":2},"f":{},"b":{},"_coverageSchema":"43e27e138ebf9cfc5966b082cf9a028302ed4184","hash":"918236a49757c7fbfaf7d43969850240176597ab"}
,"/home/jknoop/Desktop/CFM/classes/standardResolvers.js": {"path":"/home/jknoop/Desktop/CFM/classes/standardResolvers.js","statementMap":{"0":{"start":{"line":3,"column":17},"end":{"line":3,"column":38}},"1":{"start":{"line":7,"column":4},"end":{"line":7,"column":29}},"2":{"start":{"line":13,"column":4},"end":{"line":13,"column":42}},"3":{"start":{"line":13,"column":17},"end":{"line":13,"column":42}},"4":{"start":{"line":14,"column":4},"end":{"line":14,"column":29}},"5":{"start":{"line":20,"column":4},"end":{"line":20,"column":30}},"6":{"start":{"line":20,"column":17},"end":{"line":20,"column":30}},"7":{"start":{"line":21,"column":4},"end":{"line":21,"column":42}},"8":{"start":{"line":21,"column":17},"end":{"line":21,"column":42}},"9":{"start":{"line":22,"column":4},"end":{"line":22,"column":29}},"10":{"start":{"line":28,"column":4},"end":{"line":28,"column":61}},"11":{"start":{"line":28,"column":36},"end":{"line":28,"column":61}},"12":{"start":{"line":29,"column":4},"end":{"line":29,"column":49}},"13":{"start":{"line":29,"column":36},"end":{"line":29,"column":49}},"14":{"start":{"line":30,"column":17},"end":{"line":30,"column":36}},"15":{"start":{"line":31,"column":4},"end":{"line":31,"column":52}},"16":{"start":{"line":31,"column":27},"end":{"line":31,"column":52}},"17":{"start":{"line":32,"column":16},"end":{"line":32,"column":17}},"18":{"start":{"line":33,"column":4},"end":{"line":36,"column":5}},"19":{"start":{"line":34,"column":6},"end":{"line":34,"column":41}},"20":{"start":{"line":34,"column":28},"end":{"line":34,"column":41}},"21":{"start":{"line":35,"column":6},"end":{"line":35,"column":35}},"22":{"start":{"line":35,"column":24},"end":{"line":35,"column":35}},"23":{"start":{"line":37,"column":4},"end":{"line":37,"column":54}},"24":{"start":{"line":37,"column":29},"end":{"line":37,"column":54}},"25":{"start":{"line":38,"column":4},"end":{"line":38,"column":29}},"26":{"start":{"line":44,"column":4},"end":{"line":44,"column":67}},"27":{"start":{"line":44,"column":42},"end":{"line":44,"column":67}},"28":{"start":{"line":45,"column":4},"end":{"line":45,"column":29}},"29":{"start":{"line":52,"column":4},"end":{"line":52,"column":12}},"30":{"start":{"line":53,"column":4},"end":{"line":78,"column":6}},"31":{"start":{"line":54,"column":6},"end":{"line":54,"column":59}},"32":{"start":{"line":54,"column":36},"end":{"line":54,"column":59}},"33":{"start":{"line":57,"column":5},"end":{"line":71,"column":6}},"34":{"start":{"line":58,"column":6},"end":{"line":58,"column":68}},"35":{"start":{"line":58,"column":55},"end":{"line":58,"column":68}},"36":{"start":{"line":60,"column":21},"end":{"line":60,"column":45}},"37":{"start":{"line":62,"column":8},"end":{"line":70,"column":69}},"38":{"start":{"line":63,"column":10},"end":{"line":69,"column":88}},"39":{"start":{"line":65,"column":27},"end":{"line":65,"column":49}},"40":{"start":{"line":66,"column":12},"end":{"line":68,"column":13}},"41":{"start":{"line":66,"column":25},"end":{"line":66,"column":26}},"42":{"start":{"line":67,"column":14},"end":{"line":67,"column":91}},"43":{"start":{"line":67,"column":78},"end":{"line":67,"column":91}},"44":{"start":{"line":69,"column":17},"end":{"line":69,"column":88}},"45":{"start":{"line":69,"column":75},"end":{"line":69,"column":88}},"46":{"start":{"line":70,"column":15},"end":{"line":70,"column":69}},"47":{"start":{"line":70,"column":56},"end":{"line":70,"column":69}},"48":{"start":{"line":73,"column":5},"end":{"line":76,"column":6}},"49":{"start":{"line":74,"column":6},"end":{"line":74,"column":45}},"50":{"start":{"line":74,"column":32},"end":{"line":74,"column":45}},"51":{"start":{"line":75,"column":8},"end":{"line":75,"column":79}},"52":{"start":{"line":75,"column":66},"end":{"line":75,"column":79}},"53":{"start":{"line":77,"column":5},"end":{"line":77,"column":17}},"54":{"start":{"line":82,"column":19},"end":{"line":82,"column":52}},"55":{"start":{"line":83,"column":4},"end":{"line":83,"column":35}},"56":{"start":{"line":83,"column":25},"end":{"line":83,"column":35}},"57":{"start":{"line":84,"column":4},"end":{"line":84,"column":17}},"58":{"start":{"line":91,"column":17},"end":{"line":91,"column":19}},"59":{"start":{"line":92,"column":23},"end":{"line":92,"column":29}},"60":{"start":{"line":94,"column":4},"end":{"line":121,"column":5}},"61":{"start":{"line":97,"column":6},"end":{"line":120,"column":7}},"62":{"start":{"line":100,"column":26},"end":{"line":100,"column":27}},"63":{"start":{"line":102,"column":8},"end":{"line":114,"column":9}},"64":{"start":{"line":103,"column":22},"end":{"line":103,"column":23}},"65":{"start":{"line":104,"column":10},"end":{"line":113,"column":11}},"66":{"start":{"line":105,"column":12},"end":{"line":105,"column":33}},"67":{"start":{"line":105,"column":27},"end":{"line":105,"column":33}},"68":{"start":{"line":106,"column":12},"end":{"line":106,"column":23}},"69":{"start":{"line":107,"column":12},"end":{"line":110,"column":13}},"70":{"start":{"line":108,"column":14},"end":{"line":108,"column":31}},"71":{"start":{"line":109,"column":14},"end":{"line":109,"column":20}},"72":{"start":{"line":115,"column":8},"end":{"line":119,"column":9}},"73":{"start":{"line":116,"column":10},"end":{"line":116,"column":34}},"74":{"start":{"line":116,"column":25},"end":{"line":116,"column":34}},"75":{"start":{"line":117,"column":10},"end":{"line":117,"column":37}},"76":{"start":{"line":118,"column":10},"end":{"line":118,"column":22}},"77":{"start":{"line":123,"column":4},"end":{"line":123,"column":33}},"78":{"start":{"line":127,"column":0},"end":{"line":135,"column":2}}},"fnMap":{"0":{"name":"(anonymous_0)","decl":{"start":{"line":6,"column":2},"end":{"line":6,"column":3}},"loc":{"start":{"line":6,"column":34},"end":{"line":8,"column":3}},"line":6},"1":{"name":"(anonymous_1)","decl":{"start":{"line":12,"column":2},"end":{"line":12,"column":3}},"loc":{"start":{"line":12,"column":34},"end":{"line":15,"column":3}},"line":12},"2":{"name":"(anonymous_2)","decl":{"start":{"line":19,"column":2},"end":{"line":19,"column":3}},"loc":{"start":{"line":19,"column":34},"end":{"line":23,"column":3}},"line":19},"3":{"name":"(anonymous_3)","decl":{"start":{"line":27,"column":2},"end":{"line":27,"column":3}},"loc":{"start":{"line":27,"column":34},"end":{"line":39,"column":3}},"line":27},"4":{"name":"(anonymous_4)","decl":{"start":{"line":43,"column":2},"end":{"line":43,"column":3}},"loc":{"start":{"line":43,"column":34},"end":{"line":46,"column":3}},"line":43},"5":{"name":"(anonymous_5)","decl":{"start":{"line":51,"column":2},"end":{"line":51,"column":3}},"loc":{"start":{"line":51,"column":16},"end":{"line":79,"column":3}},"line":51},"6":{"name":"(anonymous_6)","decl":{"start":{"line":53,"column":24},"end":{"line":53,"column":25}},"loc":{"start":{"line":53,"column":46},"end":{"line":78,"column":5}},"line":53},"7":{"name":"(anonymous_7)","decl":{"start":{"line":81,"column":2},"end":{"line":81,"column":3}},"loc":{"start":{"line":81,"column":34},"end":{"line":85,"column":3}},"line":81},"8":{"name":"(anonymous_8)","decl":{"start":{"line":90,"column":2},"end":{"line":90,"column":3}},"loc":{"start":{"line":90,"column":34},"end":{"line":124,"column":3}},"line":90}},"branchMap":{"0":{"loc":{"start":{"line":13,"column":4},"end":{"line":13,"column":42}},"type":"if","locations":[{"start":{"line":13,"column":4},"end":{"line":13,"column":42}},{"start":{"line":13,"column":4},"end":{"line":13,"column":42}}],"line":13},"1":{"loc":{"start":{"line":20,"column":4},"end":{"line":20,"column":30}},"type":"if","locations":[{"start":{"line":20,"column":4},"end":{"line":20,"column":30}},{"start":{"line":20,"column":4},"end":{"line":20,"column":30}}],"line":20},"2":{"loc":{"start":{"line":21,"column":4},"end":{"line":21,"column":42}},"type":"if","locations":[{"start":{"line":21,"column":4},"end":{"line":21,"column":42}},{"start":{"line":21,"column":4},"end":{"line":21,"column":42}}],"line":21},"3":{"loc":{"start":{"line":28,"column":4},"end":{"line":28,"column":61}},"type":"if","locations":[{"start":{"line":28,"column":4},"end":{"line":28,"column":61}},{"start":{"line":28,"column":4},"end":{"line":28,"column":61}}],"line":28},"4":{"loc":{"start":{"line":29,"column":4},"end":{"line":29,"column":49}},"type":"if","locations":[{"start":{"line":29,"column":4},"end":{"line":29,"column":49}},{"start":{"line":29,"column":4},"end":{"line":29,"column":49}}],"line":29},"5":{"loc":{"start":{"line":31,"column":4},"end":{"line":31,"column":52}},"type":"if","locations":[{"start":{"line":31,"column":4},"end":{"line":31,"column":52}},{"start":{"line":31,"column":4},"end":{"line":31,"column":52}}],"line":31},"6":{"loc":{"start":{"line":34,"column":6},"end":{"line":34,"column":41}},"type":"if","locations":[{"start":{"line":34,"column":6},"end":{"line":34,"column":41}},{"start":{"line":34,"column":6},"end":{"line":34,"column":41}}],"line":34},"7":{"loc":{"start":{"line":35,"column":6},"end":{"line":35,"column":35}},"type":"if","locations":[{"start":{"line":35,"column":6},"end":{"line":35,"column":35}},{"start":{"line":35,"column":6},"end":{"line":35,"column":35}}],"line":35},"8":{"loc":{"start":{"line":37,"column":4},"end":{"line":37,"column":54}},"type":"if","locations":[{"start":{"line":37,"column":4},"end":{"line":37,"column":54}},{"start":{"line":37,"column":4},"end":{"line":37,"column":54}}],"line":37},"9":{"loc":{"start":{"line":44,"column":4},"end":{"line":44,"column":67}},"type":"if","locations":[{"start":{"line":44,"column":4},"end":{"line":44,"column":67}},{"start":{"line":44,"column":4},"end":{"line":44,"column":67}}],"line":44},"10":{"loc":{"start":{"line":44,"column":8},"end":{"line":44,"column":40}},"type":"binary-expr","locations":[{"start":{"line":44,"column":8},"end":{"line":44,"column":23}},{"start":{"line":44,"column":27},"end":{"line":44,"column":40}}],"line":44},"11":{"loc":{"start":{"line":54,"column":6},"end":{"line":54,"column":59}},"type":"if","locations":[{"start":{"line":54,"column":6},"end":{"line":54,"column":59}},{"start":{"line":54,"column":6},"end":{"line":54,"column":59}}],"line":54},"12":{"loc":{"start":{"line":58,"column":6},"end":{"line":58,"column":68}},"type":"if","locations":[{"start":{"line":58,"column":6},"end":{"line":58,"column":68}},{"start":{"line":58,"column":6},"end":{"line":58,"column":68}}],"line":58},"13":{"loc":{"start":{"line":62,"column":8},"end":{"line":70,"column":69}},"type":"if","locations":[{"start":{"line":62,"column":8},"end":{"line":70,"column":69}},{"start":{"line":62,"column":8},"end":{"line":70,"column":69}}],"line":62},"14":{"loc":{"start":{"line":63,"column":10},"end":{"line":69,"column":88}},"type":"if","locations":[{"start":{"line":63,"column":10},"end":{"line":69,"column":88}},{"start":{"line":63,"column":10},"end":{"line":69,"column":88}}],"line":63},"15":{"loc":{"start":{"line":67,"column":14},"end":{"line":67,"column":91}},"type":"if","locations":[{"start":{"line":67,"column":14},"end":{"line":67,"column":91}},{"start":{"line":67,"column":14},"end":{"line":67,"column":91}}],"line":67},"16":{"loc":{"start":{"line":69,"column":17},"end":{"line":69,"column":88}},"type":"if","locations":[{"start":{"line":69,"column":17},"end":{"line":69,"column":88}},{"start":{"line":69,"column":17},"end":{"line":69,"column":88}}],"line":69},"17":{"loc":{"start":{"line":70,"column":15},"end":{"line":70,"column":69}},"type":"if","locations":[{"start":{"line":70,"column":15},"end":{"line":70,"column":69}},{"start":{"line":70,"column":15},"end":{"line":70,"column":69}}],"line":70},"18":{"loc":{"start":{"line":74,"column":6},"end":{"line":74,"column":45}},"type":"if","locations":[{"start":{"line":74,"column":6},"end":{"line":74,"column":45}},{"start":{"line":74,"column":6},"end":{"line":74,"column":45}}],"line":74},"19":{"loc":{"start":{"line":75,"column":8},"end":{"line":75,"column":79}},"type":"if","locations":[{"start":{"line":75,"column":8},"end":{"line":75,"column":79}},{"start":{"line":75,"column":8},"end":{"line":75,"column":79}}],"line":75},"20":{"loc":{"start":{"line":83,"column":4},"end":{"line":83,"column":35}},"type":"if","locations":[{"start":{"line":83,"column":4},"end":{"line":83,"column":35}},{"start":{"line":83,"column":4},"end":{"line":83,"column":35}}],"line":83},"21":{"loc":{"start":{"line":104,"column":10},"end":{"line":113,"column":11}},"type":"if","locations":[{"start":{"line":104,"column":10},"end":{"line":113,"column":11}},{"start":{"line":104,"column":10},"end":{"line":113,"column":11}}],"line":104},"22":{"loc":{"start":{"line":105,"column":12},"end":{"line":105,"column":33}},"type":"if","locations":[{"start":{"line":105,"column":12},"end":{"line":105,"column":33}},{"start":{"line":105,"column":12},"end":{"line":105,"column":33}}],"line":105},"23":{"loc":{"start":{"line":107,"column":12},"end":{"line":110,"column":13}},"type":"if","locations":[{"start":{"line":107,"column":12},"end":{"line":110,"column":13}},{"start":{"line":107,"column":12},"end":{"line":110,"column":13}}],"line":107},"24":{"loc":{"start":{"line":115,"column":8},"end":{"line":119,"column":9}},"type":"if","locations":[{"start":{"line":115,"column":8},"end":{"line":119,"column":9}},{"start":{"line":115,"column":8},"end":{"line":119,"column":9}}],"line":115},"25":{"loc":{"start":{"line":116,"column":10},"end":{"line":116,"column":34}},"type":"if","locations":[{"start":{"line":116,"column":10},"end":{"line":116,"column":34}},{"start":{"line":116,"column":10},"end":{"line":116,"column":34}}],"line":116}},"s":{"0":2,"1":2,"2":3,"3":1,"4":2,"5":2,"6":1,"7":1,"8":0,"9":1,"10":0,"11":0,"12":0,"13":0,"14":0,"15":0,"16":0,"17":0,"18":0,"19":0,"20":0,"21":0,"22":0,"23":0,"24":0,"25":0,"26":18,"27":6,"28":12,"29":2,"30":2,"31":72,"32":54,"33":18,"34":67,"35":0,"36":67,"37":67,"38":7,"39":3,"40":3,"41":3,"42":3,"43":0,"44":4,"45":0,"46":60,"47":2,"48":16,"49":61,"50":0,"51":61,"52":0,"53":16,"54":4,"55":4,"56":2,"57":2,"58":2,"59":2,"60":2,"61":2,"62":3,"63":3,"64":7,"65":7,"66":7,"67":1,"68":6,"69":6,"70":1,"71":1,"72":3,"73":1,"74":0,"75":1,"76":1,"77":2,"78":2},"f":{"0":2,"1":3,"2":2,"3":0,"4":18,"5":2,"6":72,"7":4,"8":2},"b":{"0":[1,2],"1":[1,1],"2":[0,1],"3":[0,0],"4":[0,0],"5":[0,0],"6":[0,0],"7":[0,0],"8":[0,0],"9":[6,12],"10":[18,13],"11":[54,18],"12":[0,67],"13":[7,60],"14":[3,4],"15":[0,3],"16":[0,4],"17":[2,58],"18":[0,61],"19":[0,61],"20":[2,2],"21":[7,0],"22":[1,6],"23":[1,5],"24":[1,2],"25":[0,1]},"_coverageSchema":"43e27e138ebf9cfc5966b082cf9a028302ed4184","hash":"87914c0b1b78745d159214be9822f36938f3dafd"}
,"/home/jknoop/Desktop/CFM/classes/standardRules.js": {"path":"/home/jknoop/Desktop/CFM/classes/standardRules.js","statementMap":{"0":{"start":{"line":1,"column":13},"end":{"line":1,"column":30}},"1":{"start":{"line":3,"column":20},"end":{"line":3,"column":53}},"2":{"start":{"line":5,"column":16},"end":{"line":5,"column":45}},"3":{"start":{"line":7,"column":18},"end":{"line":7,"column":71}},"4":{"start":{"line":9,"column":27},"end":{"line":9,"column":67}},"5":{"start":{"line":11,"column":17},"end":{"line":11,"column":47}},"6":{"start":{"line":12,"column":23},"end":{"line":12,"column":59}},"7":{"start":{"line":14,"column":18},"end":{"line":14,"column":58}},"8":{"start":{"line":16,"column":0},"end":{"line":24,"column":2}}},"fnMap":{},"branchMap":{},"s":{"0":2,"1":2,"2":2,"3":2,"4":2,"5":2,"6":2,"7":2,"8":2},"f":{},"b":{},"_coverageSchema":"43e27e138ebf9cfc5966b082cf9a028302ed4184","hash":"cce9f042fcb3b5cac589cef6760611e05a8cdaaa"}
,"/home/jknoop/Desktop/CFM/logger/logger.js": {"path":"/home/jknoop/Desktop/CFM/logger/logger.js","statementMap":{"0":{"start":{"line":1,"column":15},"end":{"line":1,"column":32}},"1":{"start":{"line":2,"column":16},"end":{"line":2,"column":40}},"2":{"start":{"line":4,"column":18},"end":{"line":4,"column":77}},"3":{"start":{"line":7,"column":12},"end":{"line":26,"column":2}},"4":{"start":{"line":28,"column":11},"end":{"line":28,"column":24}},"5":{"start":{"line":32,"column":2},"end":{"line":32,"column":23}},"6":{"start":{"line":33,"column":2},"end":{"line":33,"column":24}},"7":{"start":{"line":34,"column":4},"end":{"line":34,"column":45}},"8":{"start":{"line":34,"column":25},"end":{"line":34,"column":45}},"9":{"start":{"line":36,"column":4},"end":{"line":44,"column":5}},"10":{"start":{"line":37,"column":6},"end":{"line":43,"column":7}},"11":{"start":{"line":38,"column":8},"end":{"line":42,"column":9}},"12":{"start":{"line":39,"column":10},"end":{"line":39,"column":38}},"13":{"start":{"line":41,"column":10},"end":{"line":41,"column":25}},"14":{"start":{"line":45,"column":4},"end":{"line":45,"column":133}},"15":{"start":{"line":50,"column":0},"end":{"line":50,"column":62}},"16":{"start":{"line":51,"column":0},"end":{"line":51,"column":79}},"17":{"start":{"line":53,"column":0},"end":{"line":53,"column":21}}},"fnMap":{"0":{"name":"exitHandler","decl":{"start":{"line":31,"column":9},"end":{"line":31,"column":20}},"loc":{"start":{"line":31,"column":39},"end":{"line":46,"column":1}},"line":31}},"branchMap":{"0":{"loc":{"start":{"line":34,"column":4},"end":{"line":34,"column":45}},"type":"if","locations":[{"start":{"line":34,"column":4},"end":{"line":34,"column":45}},{"start":{"line":34,"column":4},"end":{"line":34,"column":45}}],"line":34},"1":{"loc":{"start":{"line":37,"column":6},"end":{"line":43,"column":7}},"type":"if","locations":[{"start":{"line":37,"column":6},"end":{"line":43,"column":7}},{"start":{"line":37,"column":6},"end":{"line":43,"column":7}}],"line":37},"2":{"loc":{"start":{"line":37,"column":9},"end":{"line":37,"column":48}},"type":"binary-expr","locations":[{"start":{"line":37,"column":9},"end":{"line":37,"column":23}},{"start":{"line":37,"column":27},"end":{"line":37,"column":48}}],"line":37}},"s":{"0":2,"1":2,"2":2,"3":2,"4":2,"5":0,"6":0,"7":0,"8":0,"9":0,"10":0,"11":0,"12":0,"13":0,"14":0,"15":2,"16":2,"17":2},"f":{"0":0},"b":{"0":[0,0],"1":[0,0],"2":[0,0]},"_coverageSchema":"43e27e138ebf9cfc5966b082cf9a028302ed4184","hash":"4d03dc51283afe7d09897059ac50360470244d9e"}
}
