TN:
SF:/home/jknoop/Desktop/CFM/index.js
FNF:0
FNH:0
DA:2,2
DA:4,2
LF:2
LH:2
BRF:0
BRH:0
end_of_record
TN:
SF:/home/jknoop/Desktop/CFM/classes/Cfm.js
FN:13,(anonymous_0)
FN:32,(anonymous_1)
FN:39,(anonymous_2)
FN:45,(anonymous_3)
FN:56,(anonymous_4)
FN:66,(anonymous_5)
FN:77,(anonymous_6)
FN:84,(anonymous_7)
FN:85,(anonymous_8)
FN:92,(anonymous_9)
FN:119,(anonymous_10)
FN:136,(anonymous_11)
FN:156,(anonymous_12)
FNF:13
FNH:12
FNDA:2,(anonymous_0)
FNDA:0,(anonymous_1)
FNDA:4,(anonymous_2)
FNDA:4,(anonymous_3)
FNDA:2,(anonymous_4)
FNDA:2,(anonymous_5)
FNDA:2,(anonymous_6)
FNDA:4,(anonymous_7)
FNDA:143,(anonymous_8)
FNDA:26,(anonymous_9)
FNDA:54,(anonymous_10)
FNDA:26,(anonymous_11)
FNDA:4,(anonymous_12)
DA:2,2
DA:4,2
DA:5,2
DA:6,2
DA:7,2
DA:8,2
DA:10,2
DA:14,2
DA:15,2
DA:16,2
DA:17,2
DA:18,2
DA:19,2
DA:22,2
DA:23,14
DA:26,2
DA:27,2
DA:29,2
DA:33,0
DA:34,0
DA:35,0
DA:40,4
DA:41,2
DA:42,2
DA:46,4
DA:50,2
DA:52,2
DA:53,2
DA:58,2
DA:59,7
DA:60,7
DA:61,12
DA:67,2
DA:69,2
DA:70,2
DA:73,0
DA:79,2
DA:80,2
DA:85,4
DA:86,143
DA:87,143
DA:89,4
DA:93,26
DA:95,26
DA:96,147
DA:97,12
DA:98,12
DA:99,12
DA:100,14
DA:102,14
DA:103,40
DA:106,135
DA:107,4
DA:109,4
DA:110,16
DA:113,131
DA:116,26
DA:120,54
DA:121,54
DA:123,54
DA:124,54
DA:125,68
DA:126,6
DA:128,62
DA:130,62
DA:133,54
DA:137,26
DA:139,26
DA:141,26
DA:142,26
DA:143,26
DA:144,33
DA:145,3
DA:147,30
DA:148,30
DA:149,30
DA:153,26
DA:157,4
DA:158,4
DA:160,4
DA:161,4
DA:162,4
DA:165,4
DA:166,4
DA:168,4
DA:169,2
DA:173,2
DA:174,36
DA:175,9
DA:178,9
DA:179,9
DA:182,9
DA:184,9
DA:186,8
DA:188,8
DA:191,27
DA:192,27
DA:193,27
DA:194,27
DA:195,13
DA:196,13
DA:197,13
DA:198,9
DA:199,9
DA:203,27
DA:205,18
DA:206,18
DA:209,18
DA:210,18
DA:211,18
DA:212,18
DA:213,18
DA:220,2
DA:224,2
LF:114
LH:110
BRDA:33,0,0,0
BRDA:33,0,1,0
BRDA:40,1,0,2
BRDA:40,1,1,2
BRDA:46,2,0,2
BRDA:46,2,1,2
BRDA:67,3,0,2
BRDA:67,3,1,0
BRDA:96,4,0,12
BRDA:96,4,1,135
BRDA:106,5,0,4
BRDA:106,5,1,131
BRDA:125,6,0,6
BRDA:125,6,1,62
BRDA:128,7,0,51
BRDA:128,7,1,11
BRDA:130,8,0,11
BRDA:130,8,1,51
BRDA:144,9,0,3
BRDA:144,9,1,30
BRDA:145,10,0,0
BRDA:145,10,1,3
BRDA:168,11,0,2
BRDA:168,11,1,2
BRDA:168,12,0,4
BRDA:168,12,1,2
BRDA:169,13,0,0
BRDA:169,13,1,2
BRDA:174,14,0,9
BRDA:174,14,1,27
BRDA:184,15,0,8
BRDA:184,15,1,1
BRDA:197,16,0,9
BRDA:197,16,1,4
BRDA:203,17,0,18
BRDA:203,17,1,9
BRDA:211,18,0,18
BRDA:211,18,1,0
BRF:38
BRH:32
end_of_record
TN:
SF:/home/jknoop/Desktop/CFM/classes/Resolver.js
FN:2,(anonymous_0)
FN:6,(anonymous_1)
FNF:2
FNH:1
FNDA:14,(anonymous_0)
FNDA:0,(anonymous_1)
DA:9,0
DA:13,2
LF:2
LH:1
BRF:0
BRH:0
end_of_record
TN:
SF:/home/jknoop/Desktop/CFM/classes/Rule.js
FN:4,(anonymous_0)
FN:13,(anonymous_1)
FNF:2
FNH:2
FNDA:18,(anonymous_0)
FNDA:31,(anonymous_1)
DA:1,2
DA:5,18
DA:6,18
DA:7,18
DA:9,0
DA:15,31
DA:17,31
DA:19,31
DA:20,28
DA:23,3
DA:27,2
LF:11
LH:10
BRDA:6,0,0,18
BRDA:6,0,1,0
BRDA:19,1,0,28
BRDA:19,1,1,3
BRF:4
BRH:3
end_of_record
TN:
SF:/home/jknoop/Desktop/CFM/classes/defaultRuleSet.js
FNF:0
FNH:0
DA:1,2
DA:5,2
LF:2
LH:2
BRF:0
BRH:0
end_of_record
TN:
SF:/home/jknoop/Desktop/CFM/classes/standardGlobalRules.js
FNF:0
FNH:0
DA:1,2
DA:3,2
DA:5,2
LF:3
LH:3
BRF:0
BRH:0
end_of_record
TN:
SF:/home/jknoop/Desktop/CFM/classes/standardResolvers.js
FN:6,(anonymous_0)
FN:12,(anonymous_1)
FN:19,(anonymous_2)
FN:27,(anonymous_3)
FN:43,(anonymous_4)
FN:51,(anonymous_5)
FN:53,(anonymous_6)
FN:81,(anonymous_7)
FN:90,(anonymous_8)
FNF:9
FNH:8
FNDA:2,(anonymous_0)
FNDA:3,(anonymous_1)
FNDA:2,(anonymous_2)
FNDA:0,(anonymous_3)
FNDA:18,(anonymous_4)
FNDA:2,(anonymous_5)
FNDA:72,(anonymous_6)
FNDA:4,(anonymous_7)
FNDA:2,(anonymous_8)
DA:3,2
DA:7,2
DA:13,3
DA:14,2
DA:20,2
DA:21,1
DA:22,1
DA:28,0
DA:29,0
DA:30,0
DA:31,0
DA:32,0
DA:33,0
DA:34,0
DA:35,0
DA:37,0
DA:38,0
DA:44,18
DA:45,12
DA:52,2
DA:53,2
DA:54,72
DA:57,18
DA:58,67
DA:60,67
DA:62,67
DA:63,7
DA:65,3
DA:66,3
DA:67,3
DA:69,4
DA:70,60
DA:73,16
DA:74,61
DA:75,61
DA:77,16
DA:82,4
DA:83,4
DA:84,2
DA:91,2
DA:92,2
DA:94,2
DA:97,2
DA:100,3
DA:102,3
DA:103,7
DA:104,7
DA:105,7
DA:106,6
DA:107,6
DA:108,1
DA:109,1
DA:115,3
DA:116,1
DA:117,1
DA:118,1
DA:123,2
DA:127,2
LF:58
LH:48
BRDA:13,0,0,1
BRDA:13,0,1,2
BRDA:20,1,0,1
BRDA:20,1,1,1
BRDA:21,2,0,0
BRDA:21,2,1,1
BRDA:28,3,0,0
BRDA:28,3,1,0
BRDA:29,4,0,0
BRDA:29,4,1,0
BRDA:31,5,0,0
BRDA:31,5,1,0
BRDA:34,6,0,0
BRDA:34,6,1,0
BRDA:35,7,0,0
BRDA:35,7,1,0
BRDA:37,8,0,0
BRDA:37,8,1,0
BRDA:44,9,0,6
BRDA:44,9,1,12
BRDA:44,10,0,18
BRDA:44,10,1,13
BRDA:54,11,0,54
BRDA:54,11,1,18
BRDA:58,12,0,0
BRDA:58,12,1,67
BRDA:62,13,0,7
BRDA:62,13,1,60
BRDA:63,14,0,3
BRDA:63,14,1,4
BRDA:67,15,0,0
BRDA:67,15,1,3
BRDA:69,16,0,0
BRDA:69,16,1,4
BRDA:70,17,0,2
BRDA:70,17,1,58
BRDA:74,18,0,0
BRDA:74,18,1,61
BRDA:75,19,0,0
BRDA:75,19,1,61
BRDA:83,20,0,2
BRDA:83,20,1,2
BRDA:104,21,0,7
BRDA:104,21,1,0
BRDA:105,22,0,1
BRDA:105,22,1,6
BRDA:107,23,0,1
BRDA:107,23,1,5
BRDA:115,24,0,1
BRDA:115,24,1,2
BRDA:116,25,0,0
BRDA:116,25,1,1
BRF:52
BRH:32
end_of_record
TN:
SF:/home/jknoop/Desktop/CFM/classes/standardRules.js
FNF:0
FNH:0
DA:1,2
DA:3,2
DA:5,2
DA:7,2
DA:9,2
DA:11,2
DA:12,2
DA:14,2
DA:16,2
LF:9
LH:9
BRF:0
BRH:0
end_of_record
TN:
SF:/home/jknoop/Desktop/CFM/logger/logger.js
FN:31,exitHandler
FNF:1
FNH:0
FNDA:0,exitHandler
DA:1,2
DA:2,2
DA:4,2
DA:7,2
DA:28,2
DA:32,0
DA:33,0
DA:34,0
DA:36,0
DA:37,0
DA:38,0
DA:39,0
DA:41,0
DA:45,0
DA:50,2
DA:51,2
DA:53,2
LF:17
LH:8
BRDA:34,0,0,0
BRDA:34,0,1,0
BRDA:37,1,0,0
BRDA:37,1,1,0
BRDA:37,2,0,0
BRDA:37,2,1,0
BRF:6
BRH:0
end_of_record
